<?xml version="1.0" encoding="UTF-8"?>
<robot generator="Robot 3.0.2 (Python 3.6.1 on win32)" generated="20171228 10:32:24.379">
<suite id="s1" name="Test" source="G:\Git\robot\rf_test\test.robot">
<test id="s1-t1" name="test_get_event_list">
<kw name="Create Dictionary" library="BuiltIn">
<doc>Creates and returns a dictionary based on the given ``items``.</doc>
<arguments>
<arg>eid=1</arg>
</arguments>
<assign>
<var>${payload}</var>
</assign>
<msg timestamp="20171228 10:32:24.505" level="INFO">${payload} = {'eid': '1'}</msg>
<status status="PASS" starttime="20171228 10:32:24.504" endtime="20171228 10:32:24.505"></status>
</kw>
<kw name="Create Session" library="RequestsLibrary">
<doc>Create Session: create a HTTP session to a server</doc>
<arguments>
<arg>event</arg>
<arg>http://127.0.0.1:8000/api</arg>
</arguments>
<msg timestamp="20171228 10:32:24.506" level="INFO">Creating Session using : alias=event, url=http://127.0.0.1:8000/api, headers={},                     cookies=None, auth=None, timeout=None, proxies=None, verify=False,                     debug=0 </msg>
<status status="PASS" starttime="20171228 10:32:24.506" endtime="20171228 10:32:24.507"></status>
</kw>
<kw name="Get Request" library="RequestsLibrary">
<doc>Send a GET request on the session object found using the</doc>
<arguments>
<arg>event</arg>
<arg>/get_event_list/</arg>
<arg>params=${payload}</arg>
</arguments>
<assign>
<var>${r}</var>
</assign>
<msg timestamp="20171228 10:32:24.538" level="INFO">Get Request using : alias=event, uri=/get_event_list/, headers=None json=None</msg>
<msg timestamp="20171228 10:32:24.538" level="INFO">${r} = &lt;Response [200]&gt;</msg>
<status status="PASS" starttime="20171228 10:32:24.507" endtime="20171228 10:32:24.538"></status>
</kw>
<kw name="Should Be Equal As Strings" library="BuiltIn">
<doc>Fails if objects are unequal after converting them to strings.</doc>
<arguments>
<arg>${r.status_code}</arg>
<arg>200</arg>
</arguments>
<msg timestamp="20171228 10:32:24.539" level="INFO">Argument types are:
&lt;class 'int'&gt;
&lt;type 'unicode'&gt;</msg>
<status status="PASS" starttime="20171228 10:32:24.539" endtime="20171228 10:32:24.539"></status>
</kw>
<kw name="Log" library="BuiltIn">
<doc>Logs the given message with the given level.</doc>
<arguments>
<arg>${r.json()}</arg>
</arguments>
<msg timestamp="20171228 10:32:24.540" level="INFO">{'status': 200, 'message': 'success', 'data': {'name': '红米发布会', 'limit': 200, 'status': True, 'address': 'CQ', 'start_time': '2017-12-30T09:00:00'}}</msg>
<status status="PASS" starttime="20171228 10:32:24.540" endtime="20171228 10:32:24.541"></status>
</kw>
<kw name="Set Variable" library="BuiltIn">
<doc>Returns the given values which can then be assigned to a variables.</doc>
<arguments>
<arg>${r.json()}</arg>
</arguments>
<assign>
<var>${dict}</var>
</assign>
<msg timestamp="20171228 10:32:24.541" level="INFO">${dict} = {'status': 200, 'message': 'success', 'data': {'name': '红米发布会', 'limit': 200, 'status': True, 'address': 'CQ', 'start_time': '2017-12-30T09:00:00'}}</msg>
<status status="PASS" starttime="20171228 10:32:24.541" endtime="20171228 10:32:24.541"></status>
</kw>
<kw name="Get From Dictionary" library="Collections">
<doc>Returns a value from the given ``dictionary`` based on the given ``key``.</doc>
<arguments>
<arg>${dict}</arg>
<arg>message</arg>
</arguments>
<assign>
<var>${msg}</var>
</assign>
<msg timestamp="20171228 10:32:24.542" level="INFO">${msg} = success</msg>
<status status="PASS" starttime="20171228 10:32:24.542" endtime="20171228 10:32:24.542"></status>
</kw>
<kw name="Should Be Equal" library="BuiltIn">
<doc>Fails if the given objects are unequal.</doc>
<arguments>
<arg>${msg}</arg>
<arg>success</arg>
</arguments>
<status status="PASS" starttime="20171228 10:32:24.542" endtime="20171228 10:32:24.543"></status>
</kw>
<kw name="Get From Dictionary" library="Collections">
<doc>Returns a value from the given ``dictionary`` based on the given ``key``.</doc>
<arguments>
<arg>${dict}</arg>
<arg>status</arg>
</arguments>
<assign>
<var>${sta}</var>
</assign>
<msg timestamp="20171228 10:32:24.544" level="INFO">${sta} = 200</msg>
<status status="PASS" starttime="20171228 10:32:24.543" endtime="20171228 10:32:24.544"></status>
</kw>
<kw name="Evaluate" library="BuiltIn">
<doc>Evaluates the given expression in Python and returns the results.</doc>
<arguments>
<arg>int(200)</arg>
</arguments>
<assign>
<var>${status}</var>
</assign>
<msg timestamp="20171228 10:32:24.545" level="INFO">${status} = 200</msg>
<status status="PASS" starttime="20171228 10:32:24.544" endtime="20171228 10:32:24.545"></status>
</kw>
<kw name="Should Be Equal" library="BuiltIn">
<doc>Fails if the given objects are unequal.</doc>
<arguments>
<arg>${sta}</arg>
<arg>${status}</arg>
</arguments>
<status status="PASS" starttime="20171228 10:32:24.545" endtime="20171228 10:32:24.545"></status>
</kw>
<status status="PASS" starttime="20171228 10:32:24.503" endtime="20171228 10:32:24.546" critical="yes"></status>
</test>
<test id="s1-t2" name="test_user_sign_success">
<kw name="Create Session" library="RequestsLibrary">
<doc>Create Session: create a HTTP session to a server</doc>
<arguments>
<arg>sign</arg>
<arg>http://127.0.0.1:8000/api</arg>
</arguments>
<msg timestamp="20171228 10:32:24.551" level="INFO">Creating Session using : alias=sign, url=http://127.0.0.1:8000/api, headers={},                     cookies=None, auth=None, timeout=None, proxies=None, verify=False,                     debug=0 </msg>
<status status="PASS" starttime="20171228 10:32:24.551" endtime="20171228 10:32:24.552"></status>
</kw>
<kw name="Create Dictionary" library="BuiltIn">
<doc>Creates and returns a dictionary based on the given ``items``.</doc>
<arguments>
<arg>Content-Type=application/x-www-form-urlencoded</arg>
</arguments>
<assign>
<var>&amp;{headers}</var>
</assign>
<msg timestamp="20171228 10:32:24.553" level="INFO">&amp;{headers} = { Content-Type=application/x-www-form-urlencoded }</msg>
<status status="PASS" starttime="20171228 10:32:24.553" endtime="20171228 10:32:24.553"></status>
</kw>
<kw name="Create Dictionary" library="BuiltIn">
<doc>Creates and returns a dictionary based on the given ``items``.</doc>
<arguments>
<arg>eid=1</arg>
<arg>phone=11111</arg>
</arguments>
<assign>
<var>&amp;{payload}</var>
</assign>
<msg timestamp="20171228 10:32:24.554" level="INFO">&amp;{payload} = { eid=1 | phone=11111 }</msg>
<status status="PASS" starttime="20171228 10:32:24.554" endtime="20171228 10:32:24.555"></status>
</kw>
<kw name="Post Request" library="RequestsLibrary">
<doc>Send a POST request on the session object found using the</doc>
<arguments>
<arg>sign</arg>
<arg>/user_sign/</arg>
<arg>data=${payload}</arg>
<arg>headers=${headers}</arg>
</arguments>
<assign>
<var>${r}</var>
</assign>
<msg timestamp="20171228 10:32:24.596" level="INFO">Post Request using : alias=sign, uri=/user_sign/, data=eid=1&amp;phone=11111, headers={'Content-Type': 'application/x-www-form-urlencoded'}, files=None, allow_redirects=True </msg>
<msg timestamp="20171228 10:32:24.596" level="INFO">${r} = &lt;Response [200]&gt;</msg>
<status status="PASS" starttime="20171228 10:32:24.555" endtime="20171228 10:32:24.596"></status>
</kw>
<kw name="Should Be Equal As Strings" library="BuiltIn">
<doc>Fails if objects are unequal after converting them to strings.</doc>
<arguments>
<arg>${r.status_code}</arg>
<arg>200</arg>
</arguments>
<msg timestamp="20171228 10:32:24.597" level="INFO">Argument types are:
&lt;class 'int'&gt;
&lt;type 'unicode'&gt;</msg>
<status status="PASS" starttime="20171228 10:32:24.597" endtime="20171228 10:32:24.597"></status>
</kw>
<kw name="Log" library="BuiltIn">
<doc>Logs the given message with the given level.</doc>
<arguments>
<arg>${r.json()}</arg>
</arguments>
<msg timestamp="20171228 10:32:24.598" level="INFO">{'status': 200, 'message': 'sign success'}</msg>
<status status="PASS" starttime="20171228 10:32:24.597" endtime="20171228 10:32:24.598"></status>
</kw>
<kw name="Set Variable" library="BuiltIn">
<doc>Returns the given values which can then be assigned to a variables.</doc>
<arguments>
<arg>${r.json()}</arg>
</arguments>
<assign>
<var>${dict}</var>
</assign>
<msg timestamp="20171228 10:32:24.599" level="INFO">${dict} = {'status': 200, 'message': 'sign success'}</msg>
<status status="PASS" starttime="20171228 10:32:24.598" endtime="20171228 10:32:24.599"></status>
</kw>
<kw name="Get From Dictionary" library="Collections">
<doc>Returns a value from the given ``dictionary`` based on the given ``key``.</doc>
<arguments>
<arg>${dict}</arg>
<arg>message</arg>
</arguments>
<assign>
<var>${msg}</var>
</assign>
<msg timestamp="20171228 10:32:24.599" level="INFO">${msg} = sign success</msg>
<status status="PASS" starttime="20171228 10:32:24.599" endtime="20171228 10:32:24.599"></status>
</kw>
<kw name="Should Be Equal" library="BuiltIn">
<doc>Fails if the given objects are unequal.</doc>
<arguments>
<arg>${msg}</arg>
<arg>sign success</arg>
</arguments>
<status status="PASS" starttime="20171228 10:32:24.600" endtime="20171228 10:32:24.600"></status>
</kw>
<kw name="Get From Dictionary" library="Collections">
<doc>Returns a value from the given ``dictionary`` based on the given ``key``.</doc>
<arguments>
<arg>${dict}</arg>
<arg>status</arg>
</arguments>
<assign>
<var>${sta}</var>
</assign>
<msg timestamp="20171228 10:32:24.601" level="INFO">${sta} = 200</msg>
<status status="PASS" starttime="20171228 10:32:24.601" endtime="20171228 10:32:24.601"></status>
</kw>
<kw name="Evaluate" library="BuiltIn">
<doc>Evaluates the given expression in Python and returns the results.</doc>
<arguments>
<arg>int(200)</arg>
</arguments>
<assign>
<var>${status}</var>
</assign>
<msg timestamp="20171228 10:32:24.601" level="INFO">${status} = 200</msg>
<status status="PASS" starttime="20171228 10:32:24.601" endtime="20171228 10:32:24.601"></status>
</kw>
<kw name="Should Be Equal" library="BuiltIn">
<doc>Fails if the given objects are unequal.</doc>
<arguments>
<arg>${sta}</arg>
<arg>${status}</arg>
</arguments>
<status status="PASS" starttime="20171228 10:32:24.602" endtime="20171228 10:32:24.602"></status>
</kw>
<status status="PASS" starttime="20171228 10:32:24.548" endtime="20171228 10:32:24.602" critical="yes"></status>
</test>
<status status="PASS" starttime="20171228 10:32:24.382" endtime="20171228 10:32:24.603"></status>
</suite>
<statistics>
<total>
<stat pass="2" fail="0">Critical Tests</stat>
<stat pass="2" fail="0">All Tests</stat>
</total>
<tag>
</tag>
<suite>
<stat pass="2" fail="0" id="s1" name="Test">Test</stat>
</suite>
</statistics>
<errors>
</errors>
</robot>
